2025-04-04 08:48:56.769766 - Received CBT.V508.FILE380.PDS from FILE380.XMI 
2025-04-04 08:48:56.775664 - Found $$$#DATE.txt (text/plain) in CBT.V508.FILE380.PDS, moved to PDS/$$$#DATE
2025-04-04 08:48:56.775814 - Found $$$COPYR.txt (text/plain) in CBT.V508.FILE380.PDS, moved to PDS/$$$COPYR
2025-04-04 08:48:56.775975 - Found $BROWSE.rexx (text/plain) in CBT.V508.FILE380.PDS, moved to PDS/$BROWSE
2025-04-04 08:48:56.776120 - Found $D.rexx (text/plain) in CBT.V508.FILE380.PDS, moved to PDS/$D
2025-04-04 08:48:56.776250 - Found $DASDERR.txt (text/plain) in CBT.V508.FILE380.PDS, moved to PDS/$DASDERR
2025-04-04 08:48:56.776378 - Found $DASD03.txt (text/plain) in CBT.V508.FILE380.PDS, moved to PDS/$DASD03
2025-04-04 08:48:56.776527 - Found $DIRPARM.txt (text/plain) in CBT.V508.FILE380.PDS, moved to PDS/$DIRPARM
2025-04-04 08:48:56.776657 - Found $DMS.txt (text/plain) in CBT.V508.FILE380.PDS, moved to PDS/$DMS
2025-04-04 08:48:56.776781 - Found $EDIT.rexx (text/plain) in CBT.V508.FILE380.PDS, moved to PDS/$EDIT
2025-04-04 08:48:56.776901 - Found $FREE.txt (text/plain) in CBT.V508.FILE380.PDS, moved to PDS/$FREE
2025-04-04 08:48:56.777040 - Found $ISPFSTA.txt (text/plain) in CBT.V508.FILE380.PDS, moved to PDS/$ISPFSTA
2025-04-04 08:48:56.777181 - Found $MIDI.txt (text/plain) in CBT.V508.FILE380.PDS, moved to PDS/$MIDI
2025-04-04 08:48:56.777323 - Found $MIDITL.txt (text/plain) in CBT.V508.FILE380.PDS, moved to PDS/$MIDITL
2025-04-04 08:48:56.777489 - Found $USERS.rexx (text/plain) in CBT.V508.FILE380.PDS, moved to PDS/$USERS
2025-04-04 08:48:56.777656 - Found @AMSRCAT.txt (text/plain) in CBT.V508.FILE380.PDS, moved to PDS/@AMSRCAT
2025-04-04 08:48:56.777813 - Found @C.rexx (text/plain) in CBT.V508.FILE380.PDS, moved to PDS/@C
2025-04-04 08:48:56.777945 - Found @CAPS.rexx (text/plain) in CBT.V508.FILE380.PDS, moved to PDS/@CAPS
2025-04-04 08:48:56.778074 - Found @COMPARE.rexx (text/plain) in CBT.V508.FILE380.PDS, moved to PDS/@COMPARE
2025-04-04 08:48:56.778195 - Found @DATE.rexx (text/plain) in CBT.V508.FILE380.PDS, moved to PDS/@DATE
2025-04-04 08:48:56.778324 - Found @DATEXX.rexx (text/plain) in CBT.V508.FILE380.PDS, moved to PDS/@DATEXX
2025-04-04 08:48:56.778445 - Found @DIR.txt (text/plain) in CBT.V508.FILE380.PDS, moved to PDS/@DIR
2025-04-04 08:48:56.778578 - Found @DIRPARM.rexx (text/plain) in CBT.V508.FILE380.PDS, moved to PDS/@DIRPARM
2025-04-04 08:48:56.778692 - Found @DIRSTAT.rexx (text/plain) in CBT.V508.FILE380.PDS, moved to PDS/@DIRSTAT
2025-04-04 08:48:56.778825 - Found @DSN.rexx (text/plain) in CBT.V508.FILE380.PDS, moved to PDS/@DSN
2025-04-04 08:48:56.778955 - Found @DSNQ.rexx (text/plain) in CBT.V508.FILE380.PDS, moved to PDS/@DSNQ
2025-04-04 08:48:56.779068 - Found @EDITMSK.txt (text/plain) in CBT.V508.FILE380.PDS, moved to PDS/@EDITMSK
2025-04-04 08:48:56.779183 - Found @END.rexx (text/plain) in CBT.V508.FILE380.PDS, moved to PDS/@END
2025-04-04 08:48:56.779301 - Found @FILE380.txt (text/plain) in CBT.V508.FILE380.PDS, moved to PDS/@FILE380
2025-04-04 08:48:56.779422 - Found @ICOPY.rexx (text/plain) in CBT.V508.FILE380.PDS, moved to PDS/@ICOPY
2025-04-04 08:48:56.779539 - Found @INFO.rexx (text/plain) in CBT.V508.FILE380.PDS, moved to PDS/@INFO
2025-04-04 08:48:56.779660 - Found @LAB.rexx (text/plain) in CBT.V508.FILE380.PDS, moved to PDS/@LAB
2025-04-04 08:48:56.779787 - Found @LISTRP.rexx (text/plain) in CBT.V508.FILE380.PDS, moved to PDS/@LISTRP
2025-04-04 08:48:56.779910 - Found @NOTE.rexx (text/plain) in CBT.V508.FILE380.PDS, moved to PDS/@NOTE
2025-04-04 08:48:56.780026 - Found @PRINT.txt (text/plain) in CBT.V508.FILE380.PDS, moved to PDS/@PRINT
2025-04-04 08:48:56.780171 - Found @PRINTNX.rexx (text/plain) in CBT.V508.FILE380.PDS, moved to PDS/@PRINTNX
2025-04-04 08:48:56.780292 - Found @RENAME.txt (text/plain) in CBT.V508.FILE380.PDS, moved to PDS/@RENAME
2025-04-04 08:48:56.780410 - Found @SAVE.rexx (text/plain) in CBT.V508.FILE380.PDS, moved to PDS/@SAVE
2025-04-04 08:48:56.780525 - Found @SCRIPT.rexx (text/plain) in CBT.V508.FILE380.PDS, moved to PDS/@SCRIPT
2025-04-04 08:48:56.780644 - Found @SCRPTDU.txt (text/plain) in CBT.V508.FILE380.PDS, moved to PDS/@SCRPTDU
2025-04-04 08:48:56.780773 - Found @SEARCH4.rexx (text/plain) in CBT.V508.FILE380.PDS, moved to PDS/@SEARCH4
2025-04-04 08:48:56.780902 - Found @SEQ.rexx (text/plain) in CBT.V508.FILE380.PDS, moved to PDS/@SEQ
2025-04-04 08:48:56.781017 - Found @SLCT.txt (text/plain) in CBT.V508.FILE380.PDS, moved to PDS/@SLCT
2025-04-04 08:48:56.781132 - Found @SLCTDSX.txt (text/plain) in CBT.V508.FILE380.PDS, moved to PDS/@SLCTDSX
2025-04-04 08:48:56.781245 - Found @SMALLS.rexx (text/plain) in CBT.V508.FILE380.PDS, moved to PDS/@SMALLS
2025-04-04 08:48:56.781363 - Found @SOP.rexx (text/plain) in CBT.V508.FILE380.PDS, moved to PDS/@SOP
2025-04-04 08:48:56.781477 - Found @SPELLS.rexx (text/plain) in CBT.V508.FILE380.PDS, moved to PDS/@SPELLS
2025-04-04 08:48:56.781594 - Found @STRAP.rexx (text/plain) in CBT.V508.FILE380.PDS, moved to PDS/@STRAP
2025-04-04 08:48:56.781707 - Found @STRAPD.txt (text/plain) in CBT.V508.FILE380.PDS, moved to PDS/@STRAPD
2025-04-04 08:48:56.781844 - Found @STRAPE.txt (text/plain) in CBT.V508.FILE380.PDS, moved to PDS/@STRAPE
2025-04-04 08:48:56.781976 - Found @STRAPQ.txt (text/plain) in CBT.V508.FILE380.PDS, moved to PDS/@STRAPQ
2025-04-04 08:48:56.782101 - Found @STRAPQQ.rexx (text/plain) in CBT.V508.FILE380.PDS, moved to PDS/@STRAPQQ
2025-04-04 08:48:56.782219 - Found @TIME.txt (text/plain) in CBT.V508.FILE380.PDS, moved to PDS/@TIME
2025-04-04 08:48:56.782335 - Found @TPP.rexx (text/plain) in CBT.V508.FILE380.PDS, moved to PDS/@TPP
2025-04-04 08:48:56.782464 - Found @TSO.rexx (text/plain) in CBT.V508.FILE380.PDS, moved to PDS/@TSO
2025-04-04 08:48:56.782581 - Found @TSOX.rexx (text/plain) in CBT.V508.FILE380.PDS, moved to PDS/@TSOX
2025-04-04 08:48:56.782695 - Found @TSOXD.rexx (text/plain) in CBT.V508.FILE380.PDS, moved to PDS/@TSOXD
2025-04-04 08:48:56.782811 - Found @VP.txt (text/plain) in CBT.V508.FILE380.PDS, moved to PDS/@VP
2025-04-04 08:48:56.782939 - Found @XMIT.txt (text/plain) in CBT.V508.FILE380.PDS, moved to PDS/@XMIT
2025-04-04 08:48:56.783051 - Found AFP.txt (text/plain) in CBT.V508.FILE380.PDS, moved to PDS/AFP
2025-04-04 08:48:56.783171 - Found ALIGNJCL.txt (text/plain) in CBT.V508.FILE380.PDS, moved to PDS/ALIGNJCL
2025-04-04 08:48:56.783286 - Found ALIGNTAB.rexx (text/plain) in CBT.V508.FILE380.PDS, moved to PDS/ALIGNTAB
2025-04-04 08:48:56.783399 - Found APPEND.rexx (text/plain) in CBT.V508.FILE380.PDS, moved to PDS/APPEND
2025-04-04 08:48:56.783518 - Found BIGS.txt (text/plain) in CBT.V508.FILE380.PDS, moved to PDS/BIGS
2025-04-04 08:48:56.783628 - Found BOOKREAD.txt (text/plain) in CBT.V508.FILE380.PDS, moved to PDS/BOOKREAD
2025-04-04 08:48:56.783744 - Found CBT.txt (text/plain) in CBT.V508.FILE380.PDS, moved to PDS/CBT
2025-04-04 08:48:56.783868 - Found CHECKDUP.rexx (text/plain) in CBT.V508.FILE380.PDS, moved to PDS/CHECKDUP
2025-04-04 08:48:56.783985 - Found CHECKSUM.txt (text/plain) in CBT.V508.FILE380.PDS, moved to PDS/CHECKSUM
2025-04-04 08:48:56.784304 - Found CLIST.txt (text/plain) in CBT.V508.FILE380.PDS, moved to PDS/CLIST
2025-04-04 08:48:56.784416 - Found CLISTBOX.rexx (text/plain) in CBT.V508.FILE380.PDS, moved to PDS/CLISTBOX
2025-04-04 08:48:56.784531 - Found COLS.rexx (text/plain) in CBT.V508.FILE380.PDS, moved to PDS/COLS
2025-04-04 08:48:56.784641 - Found COLSUM.txt (text/plain) in CBT.V508.FILE380.PDS, moved to PDS/COLSUM
2025-04-04 08:48:56.784758 - Found COMPRESS.txt (text/plain) in CBT.V508.FILE380.PDS, moved to PDS/COMPRESS
2025-04-04 08:48:56.784882 - Found COMPUTE.rexx (text/plain) in CBT.V508.FILE380.PDS, moved to PDS/COMPUTE
2025-04-04 08:48:56.785006 - Found COPY.txt (text/plain) in CBT.V508.FILE380.PDS, moved to PDS/COPY
2025-04-04 08:48:56.785125 - Found COPYR.txt (text/plain) in CBT.V508.FILE380.PDS, moved to PDS/COPYR
2025-04-04 08:48:56.785235 - Found CPUID.rexx (text/plain) in CBT.V508.FILE380.PDS, moved to PDS/CPUID
2025-04-04 08:48:56.785367 - Found CSON.rexx (text/plain) in CBT.V508.FILE380.PDS, moved to PDS/CSON
2025-04-04 08:48:56.785474 - Found CUT.rexx (text/plain) in CBT.V508.FILE380.PDS, moved to PDS/CUT
2025-04-04 08:48:56.785590 - Found DCFBOX.rexx (text/plain) in CBT.V508.FILE380.PDS, moved to PDS/DCFBOX
2025-04-04 08:48:56.785701 - Found DCFMSGS.rexx (text/plain) in CBT.V508.FILE380.PDS, moved to PDS/DCFMSGS
2025-04-04 08:48:56.785821 - Found DDNAME.txt (text/plain) in CBT.V508.FILE380.PDS, moved to PDS/DDNAME
2025-04-04 08:48:56.785944 - Found DESKCALC.txt (text/plain) in CBT.V508.FILE380.PDS, moved to PDS/DESKCALC
2025-04-04 08:48:56.786080 - Found DUADD.rexx (text/plain) in CBT.V508.FILE380.PDS, moved to PDS/DUADD
2025-04-04 08:48:56.786201 - Found DUADDC.txt (text/plain) in CBT.V508.FILE380.PDS, moved to PDS/DUADDC
2025-04-04 08:48:56.786317 - Found DUADDX.txt (text/plain) in CBT.V508.FILE380.PDS, moved to PDS/DUADDX
2025-04-04 08:48:56.786430 - Found DV2MM.rexx (text/plain) in CBT.V508.FILE380.PDS, moved to PDS/DV2MM
2025-04-04 08:48:56.786540 - Found EDITCHEK.rexx (text/plain) in CBT.V508.FILE380.PDS, moved to PDS/EDITCHEK
2025-04-04 08:48:56.786654 - Found EDITMEM.rexx (text/plain) in CBT.V508.FILE380.PDS, moved to PDS/EDITMEM
2025-04-04 08:48:56.786763 - Found EDITOL.rexx (text/plain) in CBT.V508.FILE380.PDS, moved to PDS/EDITOL
2025-04-04 08:48:56.786874 - Found EDITPAGE.rexx (text/plain) in CBT.V508.FILE380.PDS, moved to PDS/EDITPAGE
2025-04-04 08:48:56.787036 - Found EDITPAIR.rexx (text/plain) in CBT.V508.FILE380.PDS, moved to PDS/EDITPAIR
2025-04-04 08:48:56.787152 - Found EDITPR.rexx (text/plain) in CBT.V508.FILE380.PDS, moved to PDS/EDITPR
2025-04-04 08:48:56.787289 - Found EDITPS.rexx (text/plain) in CBT.V508.FILE380.PDS, moved to PDS/EDITPS
2025-04-04 08:48:56.787414 - Found EOL.rexx (text/plain) in CBT.V508.FILE380.PDS, moved to PDS/EOL
2025-04-04 08:48:56.787526 - Found FED1040.rexx (text/plain) in CBT.V508.FILE380.PDS, moved to PDS/FED1040
2025-04-04 08:48:56.787637 - Found FEVERY.txt (text/plain) in CBT.V508.FILE380.PDS, moved to PDS/FEVERY
2025-04-04 08:48:56.787752 - Found FGROUP.rexx (text/plain) in CBT.V508.FILE380.PDS, moved to PDS/FGROUP
2025-04-04 08:48:56.787864 - Found FIXJCL.rexx (text/plain) in CBT.V508.FILE380.PDS, moved to PDS/FIXJCL
2025-04-04 08:48:56.787988 - Found FIXLI.rexx (text/plain) in CBT.V508.FILE380.PDS, moved to PDS/FIXLI
2025-04-04 08:48:56.788107 - Found FIXP.rexx (text/plain) in CBT.V508.FILE380.PDS, moved to PDS/FIXP
2025-04-04 08:48:56.788231 - Found FIXPI.rexx (text/plain) in CBT.V508.FILE380.PDS, moved to PDS/FIXPI
2025-04-04 08:48:56.788341 - Found FIXQUOTE.rexx (text/plain) in CBT.V508.FILE380.PDS, moved to PDS/FIXQUOTE
2025-04-04 08:48:56.788464 - Found FLIPFLOP.rexx (text/plain) in CBT.V508.FILE380.PDS, moved to PDS/FLIPFLOP
2025-04-04 08:48:56.788574 - Found FLOC.bin (application/octet-stream) in CBT.V508.FILE380.PDS, moved to PDS/FLOC
2025-04-04 08:48:56.788682 - Found FLOW.rexx (text/plain) in CBT.V508.FILE380.PDS, moved to PDS/FLOW
2025-04-04 08:48:56.788804 - Found GDGNEW.rexx (text/plain) in CBT.V508.FILE380.PDS, moved to PDS/GDGNEW
2025-04-04 08:48:56.788916 - Found GETTRID.rexx (text/plain) in CBT.V508.FILE380.PDS, moved to PDS/GETTRID
2025-04-04 08:48:56.789030 - Found GML.rexx (text/plain) in CBT.V508.FILE380.PDS, moved to PDS/GML
2025-04-04 08:48:56.789145 - Found GMLTP.rexx (text/plain) in CBT.V508.FILE380.PDS, moved to PDS/GMLTP
2025-04-04 08:48:56.789272 - Found GOTDSN.txt (text/plain) in CBT.V508.FILE380.PDS, moved to PDS/GOTDSN
2025-04-04 08:48:56.789403 - Found HEXES.rexx (text/plain) in CBT.V508.FILE380.PDS, moved to PDS/HEXES
2025-04-04 08:48:56.789522 - Found HEXSHOW.rexx (text/plain) in CBT.V508.FILE380.PDS, moved to PDS/HEXSHOW
2025-04-04 08:48:56.789642 - Found HEXUS.rexx (text/plain) in CBT.V508.FILE380.PDS, moved to PDS/HEXUS
2025-04-04 08:48:56.789755 - Found IDATA.rexx (text/plain) in CBT.V508.FILE380.PDS, moved to PDS/IDATA
2025-04-04 08:48:56.789872 - Found INFOHELP.txt (text/plain) in CBT.V508.FILE380.PDS, moved to PDS/INFOHELP
2025-04-04 08:48:56.789992 - Found INSERT.rexx (text/plain) in CBT.V508.FILE380.PDS, moved to PDS/INSERT
2025-04-04 08:48:56.790105 - Found INVERT.rexx (text/plain) in CBT.V508.FILE380.PDS, moved to PDS/INVERT
2025-04-04 08:48:56.790229 - Found IOFIOF.txt (text/plain) in CBT.V508.FILE380.PDS, moved to PDS/IOFIOF
2025-04-04 08:48:56.790358 - Found JCLBOX.rexx (text/plain) in CBT.V508.FILE380.PDS, moved to PDS/JCLBOX
2025-04-04 08:48:56.790473 - Found JCLCHECK.txt (text/plain) in CBT.V508.FILE380.PDS, moved to PDS/JCLCHECK
2025-04-04 08:48:56.790598 - Found JOBCARD.rexx (text/plain) in CBT.V508.FILE380.PDS, moved to PDS/JOBCARD
2025-04-04 08:48:56.790713 - Found KILL.rexx (text/plain) in CBT.V508.FILE380.PDS, moved to PDS/KILL
2025-04-04 08:48:56.790823 - Found LABNX.rexx (text/plain) in CBT.V508.FILE380.PDS, moved to PDS/LABNX
2025-04-04 08:48:56.790937 - Found LCFIX.rexx (text/plain) in CBT.V508.FILE380.PDS, moved to PDS/LCFIX
2025-04-04 08:48:56.791053 - Found LEFT@.rexx (text/plain) in CBT.V508.FILE380.PDS, moved to PDS/LEFT@
2025-04-04 08:48:56.791169 - Found LISTDD.rexx (text/plain) in CBT.V508.FILE380.PDS, moved to PDS/LISTDD
2025-04-04 08:48:56.791290 - Found LISTRP.txt (text/plain) in CBT.V508.FILE380.PDS, moved to PDS/LISTRP
2025-04-04 08:48:56.791401 - Found LOADMOD.rexx (text/plain) in CBT.V508.FILE380.PDS, moved to PDS/LOADMOD
2025-04-04 08:48:56.791534 - Found MACMAC.rexx (text/plain) in CBT.V508.FILE380.PDS, moved to PDS/MACMAC
2025-04-04 08:48:56.791653 - Found MAKEADD.rexx (text/plain) in CBT.V508.FILE380.PDS, moved to PDS/MAKEADD
2025-04-04 08:48:56.791770 - Found MAKEMAC.rexx (text/plain) in CBT.V508.FILE380.PDS, moved to PDS/MAKEMAC
2025-04-04 08:48:56.791887 - Found MANRLAB.txt (text/plain) in CBT.V508.FILE380.PDS, moved to PDS/MANRLAB
2025-04-04 08:48:56.792001 - Found MANUALS.txt (text/plain) in CBT.V508.FILE380.PDS, moved to PDS/MANUALS
2025-04-04 08:48:56.792115 - Found MODELC.txt (text/plain) in CBT.V508.FILE380.PDS, moved to PDS/MODELC
2025-04-04 08:48:56.792227 - Found MODELL.txt (text/plain) in CBT.V508.FILE380.PDS, moved to PDS/MODELL
2025-04-04 08:48:56.792357 - Found MODELT.x-Algol68 (text/x-Algol68) in CBT.V508.FILE380.PDS, moved to PDS/MODELT
2025-04-04 08:48:56.792500 - Found MURPHY.rexx (text/plain) in CBT.V508.FILE380.PDS, moved to PDS/MURPHY
2025-04-04 08:48:56.792762 - Found M0282S.txt (text/plain) in CBT.V508.FILE380.PDS, moved to PDS/M0282S
2025-04-04 08:48:56.792879 - Found NASPA.txt (text/plain) in CBT.V508.FILE380.PDS, moved to PDS/NASPA
2025-04-04 08:48:56.793000 - Found NESTCHK.txt (text/plain) in CBT.V508.FILE380.PDS, moved to PDS/NESTCHK
2025-04-04 08:48:56.793116 - Found NETWORK.rexx (text/plain) in CBT.V508.FILE380.PDS, moved to PDS/NETWORK
2025-04-04 08:48:56.793229 - Found NOTENX.rexx (text/plain) in CBT.V508.FILE380.PDS, moved to PDS/NOTENX
2025-04-04 08:48:56.793350 - Found NXNX.rexx (text/plain) in CBT.V508.FILE380.PDS, moved to PDS/NXNX
2025-04-04 08:48:56.793468 - Found O.txt (text/plain) in CBT.V508.FILE380.PDS, moved to PDS/O
2025-04-04 08:48:56.793588 - Found P.txt (text/plain) in CBT.V508.FILE380.PDS, moved to PDS/P
2025-04-04 08:48:56.793704 - Found PANELS.txt (text/plain) in CBT.V508.FILE380.PDS, moved to PDS/PANELS
2025-04-04 08:48:56.793841 - Found PASTE.rexx (text/plain) in CBT.V508.FILE380.PDS, moved to PDS/PASTE
2025-04-04 08:48:56.793955 - Found PDSDD.txt (text/plain) in CBT.V508.FILE380.PDS, moved to PDS/PDSDD
2025-04-04 08:48:56.794076 - Found PERIOD.rexx (text/plain) in CBT.V508.FILE380.PDS, moved to PDS/PERIOD
2025-04-04 08:48:56.794186 - Found PINX.txt (text/plain) in CBT.V508.FILE380.PDS, moved to PDS/PINX
2025-04-04 08:48:56.794295 - Found PINXDOIT.txt (text/plain) in CBT.V508.FILE380.PDS, moved to PDS/PINXDOIT
2025-04-04 08:48:56.794434 - Found PIR.rexx (text/plain) in CBT.V508.FILE380.PDS, moved to PDS/PIR
2025-04-04 08:48:56.794544 - Found PLACE.txt (text/plain) in CBT.V508.FILE380.PDS, moved to PDS/PLACE
2025-04-04 08:48:56.794651 - Found PLICHK.rexx (text/plain) in CBT.V508.FILE380.PDS, moved to PDS/PLICHK
2025-04-04 08:48:56.794773 - Found PLIDCLS.txt (text/plain) in CBT.V508.FILE380.PDS, moved to PDS/PLIDCLS
2025-04-04 08:48:56.794900 - Found PROC.txt (text/plain) in CBT.V508.FILE380.PDS, moved to PDS/PROC
2025-04-04 08:48:56.795013 - Found PROD01.txt (text/plain) in CBT.V508.FILE380.PDS, moved to PDS/PROD01
2025-04-04 08:48:56.795131 - Found PROPER.rexx (text/plain) in CBT.V508.FILE380.PDS, moved to PDS/PROPER
2025-04-04 08:48:56.795256 - Found PU00L.rexx (text/plain) in CBT.V508.FILE380.PDS, moved to PDS/PU00L
2025-04-04 08:48:56.795365 - Found Q.txt (text/plain) in CBT.V508.FILE380.PDS, moved to PDS/Q
2025-04-04 08:48:56.795478 - Found QHELP.rexx (text/plain) in CBT.V508.FILE380.PDS, moved to PDS/QHELP
2025-04-04 08:48:56.795609 - Found QHELP@.rexx (text/plain) in CBT.V508.FILE380.PDS, moved to PDS/QHELP@
2025-04-04 08:48:56.795724 - Found QUERYALL.txt (text/plain) in CBT.V508.FILE380.PDS, moved to PDS/QUERYALL
2025-04-04 08:48:56.795844 - Found QW.txt (text/plain) in CBT.V508.FILE380.PDS, moved to PDS/QW
2025-04-04 08:48:56.795969 - Found R.txt (text/plain) in CBT.V508.FILE380.PDS, moved to PDS/R
2025-04-04 08:48:56.796091 - Found REALLOC.txt (text/plain) in CBT.V508.FILE380.PDS, moved to PDS/REALLOC
2025-04-04 08:48:56.796201 - Found REFORMAT.rexx (text/plain) in CBT.V508.FILE380.PDS, moved to PDS/REFORMAT
2025-04-04 08:48:56.796316 - Found REMBLANK.rexx (text/plain) in CBT.V508.FILE380.PDS, moved to PDS/REMBLANK
2025-04-04 08:48:56.796424 - Found REMDUPS.rexx (text/plain) in CBT.V508.FILE380.PDS, moved to PDS/REMDUPS
2025-04-04 08:48:56.796537 - Found REPEATNX.rexx (text/plain) in CBT.V508.FILE380.PDS, moved to PDS/REPEATNX
2025-04-04 08:48:56.796671 - Found REXXBOX.rexx (text/plain) in CBT.V508.FILE380.PDS, moved to PDS/REXXBOX
2025-04-04 08:48:56.796790 - Found SCLIST72.txt (text/plain) in CBT.V508.FILE380.PDS, moved to PDS/SCLIST72
2025-04-04 08:48:56.796908 - Found SCOPY.txt (text/plain) in CBT.V508.FILE380.PDS, moved to PDS/SCOPY
2025-04-04 08:48:56.797044 - Found SCRIPTPS.rexx (text/plain) in CBT.V508.FILE380.PDS, moved to PDS/SCRIPTPS
2025-04-04 08:48:56.797167 - Found SEARCH4.rexx (text/plain) in CBT.V508.FILE380.PDS, moved to PDS/SEARCH4
2025-04-04 08:48:56.797283 - Found SELPANEL.txt (text/plain) in CBT.V508.FILE380.PDS, moved to PDS/SELPANEL
2025-04-04 08:48:56.797393 - Found SHIFT.rexx (text/plain) in CBT.V508.FILE380.PDS, moved to PDS/SHIFT
2025-04-04 08:48:56.797503 - Found SHIFTNX.rexx (text/plain) in CBT.V508.FILE380.PDS, moved to PDS/SHIFTNX
2025-04-04 08:48:56.797615 - Found SHOWDATE.rexx (text/plain) in CBT.V508.FILE380.PDS, moved to PDS/SHOWDATE
2025-04-04 08:48:56.797730 - Found SOPDUFIX.txt (text/plain) in CBT.V508.FILE380.PDS, moved to PDS/SOPDUFIX
2025-04-04 08:48:56.797873 - Found SORTCR.rexx (text/plain) in CBT.V508.FILE380.PDS, moved to PDS/SORTCR
2025-04-04 08:48:56.797984 - Found SORTEM.rexx (text/plain) in CBT.V508.FILE380.PDS, moved to PDS/SORTEM
2025-04-04 08:48:56.798093 - Found SORTG.rexx (text/plain) in CBT.V508.FILE380.PDS, moved to PDS/SORTG
2025-04-04 08:48:56.798212 - Found SPELL.rexx (text/plain) in CBT.V508.FILE380.PDS, moved to PDS/SPELL
2025-04-04 08:48:56.798341 - Found SRCH401.rexx (text/plain) in CBT.V508.FILE380.PDS, moved to PDS/SRCH401
2025-04-04 08:48:56.798459 - Found SUBMITIT.rexx (text/plain) in CBT.V508.FILE380.PDS, moved to PDS/SUBMITIT
2025-04-04 08:48:56.798565 - Found SUPERC.txt (text/plain) in CBT.V508.FILE380.PDS, moved to PDS/SUPERC
2025-04-04 08:48:56.798676 - Found SYSDSN.rexx (text/plain) in CBT.V508.FILE380.PDS, moved to PDS/SYSDSN
2025-04-04 08:48:56.798797 - Found SYSIN.txt (text/plain) in CBT.V508.FILE380.PDS, moved to PDS/SYSIN
2025-04-04 08:48:56.798916 - Found TAGX.rexx (text/plain) in CBT.V508.FILE380.PDS, moved to PDS/TAGX
2025-04-04 08:48:56.799030 - Found TEAR.rexx (text/plain) in CBT.V508.FILE380.PDS, moved to PDS/TEAR
2025-04-04 08:48:56.799142 - Found TECHPS.rexx (text/plain) in CBT.V508.FILE380.PDS, moved to PDS/TECHPS
2025-04-04 08:48:56.799282 - Found TLMSUSER.txt (text/plain) in CBT.V508.FILE380.PDS, moved to PDS/TLMSUSER
2025-04-04 08:48:56.799400 - Found TLOG.txt (text/plain) in CBT.V508.FILE380.PDS, moved to PDS/TLOG
2025-04-04 08:48:56.799513 - Found TOD.rexx (text/plain) in CBT.V508.FILE380.PDS, moved to PDS/TOD
2025-04-04 08:48:56.799632 - Found TSOOS2.rexx (text/plain) in CBT.V508.FILE380.PDS, moved to PDS/TSOOS2
2025-04-04 08:48:56.799747 - Found TSOTRAP.rexx (text/plain) in CBT.V508.FILE380.PDS, moved to PDS/TSOTRAP
2025-04-04 08:48:56.799878 - Found UNGML.rexx (text/plain) in CBT.V508.FILE380.PDS, moved to PDS/UNGML
2025-04-04 08:48:56.800005 - Found WHEREIS.rexx (text/plain) in CBT.V508.FILE380.PDS, moved to PDS/WHEREIS
2025-04-04 08:48:56.800127 - Found WHICH.txt (text/plain) in CBT.V508.FILE380.PDS, moved to PDS/WHICH
2025-04-04 08:48:56.800243 - Found WHO.rexx (text/plain) in CBT.V508.FILE380.PDS, moved to PDS/WHO
2025-04-04 08:48:56.800364 - Found WORDS.rexx (text/plain) in CBT.V508.FILE380.PDS, moved to PDS/WORDS
2025-04-04 08:48:56.800484 - Found XEVERY.txt (text/plain) in CBT.V508.FILE380.PDS, moved to PDS/XEVERY
2025-04-04 08:48:56.800606 - Found X0289S.txt (text/plain) in CBT.V508.FILE380.PDS, moved to PDS/X0289S
